Determining if the pthread_create exist failed with the following output:
Change Dir: /home/rmy/深蓝作业/code第四节/cmake-build-debug/CMakeFiles/CMakeTmp

Run Build Command:"/usr/bin/make" "cmTC_7d859/fast"
/usr/bin/make -f CMakeFiles/cmTC_7d859.dir/build.make CMakeFiles/cmTC_7d859.dir/build
make[1]: 正在进入目录 `/home/rmy/深蓝作业/code第四节/cmake-build-debug/CMakeFiles/CMakeTmp'
Building C object CMakeFiles/cmTC_7d859.dir/CheckSymbolExists.c.o
/usr/bin/cc    -o CMakeFiles/cmTC_7d859.dir/CheckSymbolExists.c.o   -c /home/rmy/深蓝作业/code第四节/cmake-build-debug/CMakeFiles/CMakeTmp/CheckSymbolExists.c
Linking C executable cmTC_7d859
/home/rmy/clion-2017.3.3/bin/cmake/bin/cmake -E cmake_link_script CMakeFiles/cmTC_7d859.dir/link.txt --verbose=1
/usr/bin/cc      -rdynamic CMakeFiles/cmTC_7d859.dir/CheckSymbolExists.c.o  -o cmTC_7d859 
CMakeFiles/cmTC_7d859.dir/CheckSymbolExists.c.o：在函数‘main’中：
CheckSymbolExists.c:(.text+0x16)：对‘pthread_create’未定义的引用
collect2: error: ld returned 1 exit status
make[1]: *** [cmTC_7d859] 错误 1
make[1]:正在离开目录 `/home/rmy/深蓝作业/code第四节/cmake-build-debug/CMakeFiles/CMakeTmp'
make: *** [cmTC_7d859/fast] 错误 2

File /home/rmy/深蓝作业/code第四节/cmake-build-debug/CMakeFiles/CMakeTmp/CheckSymbolExists.c:
/* */
#include <pthread.h>

int main(int argc, char** argv)
{
  (void)argv;
#ifndef pthread_create
  return ((int*)(&pthread_create))[argc];
#else
  (void)argc;
  return 0;
#endif
}

Determining if the function pthread_create exists in the pthreads failed with the following output:
Change Dir: /home/rmy/深蓝作业/code第四节/cmake-build-debug/CMakeFiles/CMakeTmp

Run Build Command:"/usr/bin/make" "cmTC_87dc4/fast"
/usr/bin/make -f CMakeFiles/cmTC_87dc4.dir/build.make CMakeFiles/cmTC_87dc4.dir/build
make[1]: 正在进入目录 `/home/rmy/深蓝作业/code第四节/cmake-build-debug/CMakeFiles/CMakeTmp'
Building C object CMakeFiles/cmTC_87dc4.dir/CheckFunctionExists.c.o
/usr/bin/cc   -DCHECK_FUNCTION_EXISTS=pthread_create   -o CMakeFiles/cmTC_87dc4.dir/CheckFunctionExists.c.o   -c /home/rmy/clion-2017.3.3/bin/cmake/share/cmake-3.9/Modules/CheckFunctionExists.c
Linking C executable cmTC_87dc4
/home/rmy/clion-2017.3.3/bin/cmake/bin/cmake -E cmake_link_script CMakeFiles/cmTC_87dc4.dir/link.txt --verbose=1
/usr/bin/cc  -DCHECK_FUNCTION_EXISTS=pthread_create    -rdynamic CMakeFiles/cmTC_87dc4.dir/CheckFunctionExists.c.o  -o cmTC_87dc4 -lpthreads 
/usr/bin/ld: 找不到 -lpthreads
collect2: error: ld returned 1 exit status
make[1]: *** [cmTC_87dc4] 错误 1
make[1]:正在离开目录 `/home/rmy/深蓝作业/code第四节/cmake-build-debug/CMakeFiles/CMakeTmp'
make: *** [cmTC_87dc4/fast] 错误 2


